<?xml version="1.0" encoding="UTF-8"?>
<!-- Generated by org.testng.reporters.JUnitReportReporter -->
<testsuite skipped="0" hostname="DESKTOP-0IE7C7E" name="testng.sumo" tests="1" failures="0" timestamp="2022-08-19T12:43:38 IST" time="0.001" errors="0">
  <testcase name="method1" time="0.001" classname="testng.sumo"/>
  <system-out>
    <![CDATA[hi aniket from method1]]>
  </system-out>
</testsuite> <!-- testng.sumo -->
