<?xml version="1.0" encoding="UTF-8"?>
<!-- Generated by org.testng.reporters.JUnitReportReporter -->
<testsuite skipped="0" hostname="DESKTOP-0IE7C7E" name="testng.demo" tests="1" failures="0" timestamp="2022-08-19T12:43:38 IST" time="0.006" errors="0">
  <testcase name="f" time="0.006" classname="testng.demo"/>
  <system-out>
    <![CDATA[hi aniket]]>
  </system-out>
</testsuite> <!-- testng.demo -->
