<?xml version="1.0" encoding="UTF-8"?>
<!-- Generated by org.testng.reporters.JUnitReportReporter -->
<testsuite skipped="0" hostname="DESKTOP-0IE7C7E" name="testngpack.Flag6" tests="18" failures="0" timestamp="2022-08-22T10:07:17 IST" time="0.070" errors="0">
  <testcase name="st5" time="0.001" classname="testngpack.Flag6"/>
  <system-out>
    <![CDATA[Smoke test case 5]]>
  </system-out>
  <testcase name="it2" time="0.002" classname="testngpack.Flag6"/>
  <system-out>
    <![CDATA[Integration test case 2]]>
  </system-out>
  <testcase name="ft3" time="0.002" classname="testngpack.Flag6"/>
  <system-out>
    <![CDATA[Functional test case 3]]>
  </system-out>
  <testcase name="ft6" time="0.004" classname="testngpack.Flag6"/>
  <system-out>
    <![CDATA[Functional test case 6]]>
  </system-out>
  <testcase name="st4" time="0.009" classname="testngpack.Flag6"/>
  <system-out>
    <![CDATA[Smoke test case 4]]>
  </system-out>
  <testcase name="ft2" time="0.008" classname="testngpack.Flag6"/>
  <system-out>
    <![CDATA[Functional test case 2]]>
  </system-out>
  <testcase name="it6" time="0.001" classname="testngpack.Flag6"/>
  <system-out>
    <![CDATA[Integration test case 6]]>
  </system-out>
  <testcase name="st3" time="0.005" classname="testngpack.Flag6"/>
  <system-out>
    <![CDATA[Smoke test case 3]]>
  </system-out>
  <testcase name="ft1" time="0.021" classname="testngpack.Flag6"/>
  <system-out>
    <![CDATA[Functional test case 1]]>
  </system-out>
  <testcase name="ft5" time="0.002" classname="testngpack.Flag6"/>
  <system-out>
    <![CDATA[Functional test case 5]]>
  </system-out>
  <testcase name="it5" time="0.001" classname="testngpack.Flag6"/>
  <system-out>
    <![CDATA[Integration test case 5]]>
  </system-out>
  <testcase name="st2" time="0.002" classname="testngpack.Flag6"/>
  <system-out>
    <![CDATA[Smoke test case 2]]>
  </system-out>
  <testcase name="ft4" time="0.003" classname="testngpack.Flag6"/>
  <system-out>
    <![CDATA[Functional test case 4]]>
  </system-out>
  <testcase name="it1" time="0.002" classname="testngpack.Flag6"/>
  <system-out>
    <![CDATA[Integration test case 1]]>
  </system-out>
  <testcase name="it3" time="0.001" classname="testngpack.Flag6"/>
  <system-out>
    <![CDATA[Integration test case 3]]>
  </system-out>
  <testcase name="it4" time="0.001" classname="testngpack.Flag6"/>
  <system-out>
    <![CDATA[Integration test case 4]]>
  </system-out>
  <testcase name="st6" time="0.002" classname="testngpack.Flag6"/>
  <system-out>
    <![CDATA[Smoke test case 6]]>
  </system-out>
  <testcase name="st1" time="0.003" classname="testngpack.Flag6"/>
  <system-out>
    <![CDATA[Smoke test case 1]]>
  </system-out>
</testsuite> <!-- testngpack.Flag6 -->
